<?xml version="1.0" encoding="UTF-8"?>
<testsuite name="com.boot.web.springboot.HelloResponseDtoTest" tests="1" skipped="0" failures="0" errors="0" timestamp="2021-05-14T00:01:51" hostname="DESKTOP-2HPN4TT" time="0.003">
  <properties/>
  <testcase name="롬복_기능_테스트" classname="com.boot.web.springboot.HelloResponseDtoTest" time="0.003"/>
  <system-out><![CDATA[]]></system-out>
  <system-err><![CDATA[]]></system-err>
</testsuite>
