<?xml version="1.0" encoding="UTF-8"?>
<testsuite name="com.boot.web.springboot.HomeControllerTest" tests="2" skipped="0" failures="0" errors="0" timestamp="2021-05-14T00:01:40" hostname="DESKTOP-2HPN4TT" time="0.469">
  <properties/>
  <testcase name="hello가_리턴된다" classname="com.boot.web.springboot.HomeControllerTest" time="0.364"/>
  <testcase name="helloDto가_리턴된다" classname="com.boot.web.springboot.HomeControllerTest" time="0.104"/>
  <system-out><![CDATA[09:01:37.112 [Test worker] DEBUG org.springframework.test.context.junit4.SpringJUnit4ClassRunner - SpringJUnit4ClassRunner constructor called with [class com.boot.web.springboot.HomeControllerTest]
09:01:37.122 [Test worker] DEBUG org.springframework.test.context.BootstrapUtils - Instantiating CacheAwareContextLoaderDelegate from class [org.springframework.test.context.cache.DefaultCacheAwareContextLoaderDelegate]
09:01:37.133 [Test worker] DEBUG org.springframework.test.context.BootstrapUtils - Instantiating BootstrapContext using constructor [public org.springframework.test.context.support.DefaultBootstrapContext(java.lang.Class,org.springframework.test.context.CacheAwareContextLoaderDelegate)]
09:01:37.160 [Test worker] DEBUG org.springframework.test.context.BootstrapUtils - Instantiating TestContextBootstrapper for test class [com.boot.web.springboot.HomeControllerTest] from class [org.springframework.boot.test.autoconfigure.web.servlet.WebMvcTestContextBootstrapper]
09:01:37.186 [Test worker] INFO org.springframework.boot.test.autoconfigure.web.servlet.WebMvcTestContextBootstrapper - Neither @ContextConfiguration nor @ContextHierarchy found for test class [com.boot.web.springboot.HomeControllerTest], using SpringBootContextLoader
09:01:37.190 [Test worker] DEBUG org.springframework.test.context.support.AbstractContextLoader - Did not detect default resource location for test class [com.boot.web.springboot.HomeControllerTest]: class path resource [com/boot/web/springboot/HomeControllerTest-context.xml] does not exist
09:01:37.191 [Test worker] DEBUG org.springframework.test.context.support.AbstractContextLoader - Did not detect default resource location for test class [com.boot.web.springboot.HomeControllerTest]: class path resource [com/boot/web/springboot/HomeControllerTestContext.groovy] does not exist
09:01:37.192 [Test worker] INFO org.springframework.test.context.support.AbstractContextLoader - Could not detect default resource locations for test class [com.boot.web.springboot.HomeControllerTest]: no resource found for suffixes {-context.xml, Context.groovy}.
09:01:37.193 [Test worker] INFO org.springframework.test.context.support.AnnotationConfigContextLoaderUtils - Could not detect default configuration classes for test class [com.boot.web.springboot.HomeControllerTest]: HomeControllerTest does not declare any static, non-private, non-final, nested classes annotated with @Configuration.
09:01:37.280 [Test worker] DEBUG org.springframework.test.context.support.ActiveProfilesUtils - Could not find an 'annotation declaring class' for annotation type [org.springframework.test.context.ActiveProfiles] and class [com.boot.web.springboot.HomeControllerTest]
09:01:37.369 [Test worker] DEBUG org.springframework.context.annotation.ClassPathScanningCandidateComponentProvider - Identified candidate component class: file [C:\Users\Christopher\Desktop\boot\build\classes\java\main\com\boot\web\springboot\Application.class]
09:01:37.371 [Test worker] INFO org.springframework.boot.test.context.SpringBootTestContextBootstrapper - Found @SpringBootConfiguration com.boot.web.springboot.Application for test class com.boot.web.springboot.HomeControllerTest
09:01:37.373 [Test worker] DEBUG org.springframework.boot.test.autoconfigure.web.servlet.WebMvcTestContextBootstrapper - @TestExecutionListeners is not present for class [com.boot.web.springboot.HomeControllerTest]: using defaults.
09:01:37.374 [Test worker] INFO org.springframework.boot.test.autoconfigure.web.servlet.WebMvcTestContextBootstrapper - Loaded default TestExecutionListener class names from location [META-INF/spring.factories]: [org.springframework.security.test.context.support.WithSecurityContextTestExecutionListener, org.springframework.security.test.context.support.ReactorContextTestExecutionListener, org.springframework.boot.test.autoconfigure.restdocs.RestDocsTestExecutionListener, org.springframework.boot.test.autoconfigure.web.client.MockRestServiceServerResetTestExecutionListener, org.springframework.boot.test.autoconfigure.web.servlet.MockMvcPrintOnlyOnFailureTestExecutionListener, org.springframework.boot.test.autoconfigure.web.servlet.WebDriverTestExecutionListener, org.springframework.boot.test.mock.mockito.MockitoTestExecutionListener, org.springframework.boot.test.mock.mockito.ResetMocksTestExecutionListener, org.springframework.test.context.web.ServletTestExecutionListener, org.springframework.test.context.support.DirtiesContextBeforeModesTestExecutionListener, org.springframework.test.context.support.DependencyInjectionTestExecutionListener, org.springframework.test.context.support.DirtiesContextTestExecutionListener, org.springframework.test.context.transaction.TransactionalTestExecutionListener, org.springframework.test.context.jdbc.SqlScriptsTestExecutionListener]
09:01:37.403 [Test worker] INFO org.springframework.boot.test.autoconfigure.web.servlet.WebMvcTestContextBootstrapper - Using TestExecutionListeners: [org.springframework.test.context.web.ServletTestExecutionListener@3da11503, org.springframework.test.context.support.DirtiesContextBeforeModesTestExecutionListener@4628bd0c, org.springframework.boot.test.mock.mockito.MockitoTestExecutionListener@423ac47e, org.springframework.boot.test.autoconfigure.SpringBootDependencyInjectionTestExecutionListener@7bcd4250, org.springframework.test.context.support.DirtiesContextTestExecutionListener@4ef15927, org.springframework.test.context.transaction.TransactionalTestExecutionListener@4d325d28, org.springframework.test.context.jdbc.SqlScriptsTestExecutionListener@593f69c4, org.springframework.security.test.context.support.WithSecurityContextTestExecutionListener@48716f71, org.springframework.security.test.context.support.ReactorContextTestExecutionListener@c0d3f39, org.springframework.boot.test.autoconfigure.restdocs.RestDocsTestExecutionListener@5389f88d, org.springframework.boot.test.autoconfigure.web.client.MockRestServiceServerResetTestExecutionListener@71daca71, org.springframework.boot.test.autoconfigure.web.servlet.MockMvcPrintOnlyOnFailureTestExecutionListener@321329dc, org.springframework.boot.test.autoconfigure.web.servlet.WebDriverTestExecutionListener@57823c50, org.springframework.boot.test.mock.mockito.ResetMocksTestExecutionListener@4bd3fbbd]
09:01:37.407 [Test worker] DEBUG org.springframework.test.annotation.ProfileValueUtils - Retrieved @ProfileValueSourceConfiguration [null] for test class [com.boot.web.springboot.HomeControllerTest]
09:01:37.408 [Test worker] DEBUG org.springframework.test.annotation.ProfileValueUtils - Retrieved ProfileValueSource type [class org.springframework.test.annotation.SystemProfileValueSource] for class [com.boot.web.springboot.HomeControllerTest]
09:01:37.409 [Test worker] DEBUG org.springframework.test.annotation.ProfileValueUtils - Retrieved @ProfileValueSourceConfiguration [null] for test class [com.boot.web.springboot.HomeControllerTest]
09:01:37.409 [Test worker] DEBUG org.springframework.test.annotation.ProfileValueUtils - Retrieved ProfileValueSource type [class org.springframework.test.annotation.SystemProfileValueSource] for class [com.boot.web.springboot.HomeControllerTest]
09:01:37.415 [Test worker] DEBUG org.springframework.test.context.support.AbstractDirtiesContextTestExecutionListener - Before test class: context [DefaultTestContext@40a10319 testClass = HomeControllerTest, testInstance = [null], testMethod = [null], testException = [null], mergedContextConfiguration = [WebMergedContextConfiguration@28a939d testClass = HomeControllerTest, locations = '{}', classes = '{class com.boot.web.springboot.Application}', contextInitializerClasses = '[]', activeProfiles = '{}', propertySourceLocations = '{}', propertySourceProperties = '{org.springframework.boot.test.autoconfigure.web.servlet.WebMvcTestContextBootstrapper=true}', contextCustomizers = set[org.springframework.boot.test.autoconfigure.OverrideAutoConfigurationContextCustomizerFactory$DisableAutoConfigurationContextCustomizer@745cf414, org.springframework.boot.test.autoconfigure.filter.TypeExcludeFiltersContextCustomizer@84d9a713, org.springframework.boot.test.autoconfigure.properties.PropertyMappingContextCustomizer@f27725b2, org.springframework.boot.test.autoconfigure.web.servlet.WebDriverContextCustomizerFactory$Customizer@f9da355, [ImportsContextCustomizer@3cbc28f4 key = [org.springframework.boot.autoconfigure.cache.CacheAutoConfiguration, org.springframework.boot.autoconfigure.context.MessageSourceAutoConfiguration, org.springframework.boot.autoconfigure.data.web.SpringDataWebAutoConfiguration, org.springframework.boot.autoconfigure.freemarker.FreeMarkerAutoConfiguration, org.springframework.boot.autoconfigure.groovy.template.GroovyTemplateAutoConfiguration, org.springframework.boot.autoconfigure.gson.GsonAutoConfiguration, org.springframework.boot.autoconfigure.hateoas.HypermediaAutoConfiguration, org.springframework.boot.autoconfigure.http.HttpMessageConvertersAutoConfiguration, org.springframework.boot.autoconfigure.jackson.JacksonAutoConfiguration, org.springframework.boot.autoconfigure.jsonb.JsonbAutoConfiguration, org.springframework.boot.autoconfigure.mustache.MustacheAutoConfiguration, org.springframework.boot.autoconfigure.task.TaskExecutionAutoConfiguration, org.springframework.boot.autoconfigure.thymeleaf.ThymeleafAutoConfiguration, org.springframework.boot.autoconfigure.validation.ValidationAutoConfiguration, org.springframework.boot.autoconfigure.web.servlet.error.ErrorMvcAutoConfiguration, org.springframework.boot.autoconfigure.web.servlet.WebMvcAutoConfiguration, org.springframework.boot.test.autoconfigure.web.servlet.MockMvcAutoConfiguration, org.springframework.boot.test.autoconfigure.web.servlet.MockMvcSecurityAutoConfiguration, org.springframework.boot.test.autoconfigure.web.servlet.MockMvcWebClientAutoConfiguration, org.springframework.boot.test.autoconfigure.web.servlet.MockMvcWebDriverAutoConfiguration]], org.springframework.boot.test.context.filter.ExcludeFilterContextCustomizer@5840e16b, org.springframework.boot.test.json.DuplicateJsonObjectContextCustomizerFactory$DuplicateJsonObjectContextCustomizer@47db53e2, org.springframework.boot.test.mock.mockito.MockitoContextCustomizer@0], resourceBasePath = 'src/main/webapp', contextLoader = 'org.springframework.boot.test.context.SpringBootContextLoader', parent = [null]], attributes = map[[empty]]], class annotated with @DirtiesContext [false] with mode [null].
09:01:37.416 [Test worker] DEBUG org.springframework.test.annotation.ProfileValueUtils - Retrieved @ProfileValueSourceConfiguration [null] for test class [com.boot.web.springboot.HomeControllerTest]
09:01:37.416 [Test worker] DEBUG org.springframework.test.annotation.ProfileValueUtils - Retrieved ProfileValueSource type [class org.springframework.test.annotation.SystemProfileValueSource] for class [com.boot.web.springboot.HomeControllerTest]
09:01:37.422 [Test worker] DEBUG org.springframework.test.context.support.DependencyInjectionTestExecutionListener - Performing dependency injection for test context [[DefaultTestContext@40a10319 testClass = HomeControllerTest, testInstance = com.boot.web.springboot.HomeControllerTest@25122f89, testMethod = [null], testException = [null], mergedContextConfiguration = [WebMergedContextConfiguration@28a939d testClass = HomeControllerTest, locations = '{}', classes = '{class com.boot.web.springboot.Application}', contextInitializerClasses = '[]', activeProfiles = '{}', propertySourceLocations = '{}', propertySourceProperties = '{org.springframework.boot.test.autoconfigure.web.servlet.WebMvcTestContextBootstrapper=true}', contextCustomizers = set[org.springframework.boot.test.autoconfigure.OverrideAutoConfigurationContextCustomizerFactory$DisableAutoConfigurationContextCustomizer@745cf414, org.springframework.boot.test.autoconfigure.filter.TypeExcludeFiltersContextCustomizer@84d9a713, org.springframework.boot.test.autoconfigure.properties.PropertyMappingContextCustomizer@f27725b2, org.springframework.boot.test.autoconfigure.web.servlet.WebDriverContextCustomizerFactory$Customizer@f9da355, [ImportsContextCustomizer@3cbc28f4 key = [org.springframework.boot.autoconfigure.cache.CacheAutoConfiguration, org.springframework.boot.autoconfigure.context.MessageSourceAutoConfiguration, org.springframework.boot.autoconfigure.data.web.SpringDataWebAutoConfiguration, org.springframework.boot.autoconfigure.freemarker.FreeMarkerAutoConfiguration, org.springframework.boot.autoconfigure.groovy.template.GroovyTemplateAutoConfiguration, org.springframework.boot.autoconfigure.gson.GsonAutoConfiguration, org.springframework.boot.autoconfigure.hateoas.HypermediaAutoConfiguration, org.springframework.boot.autoconfigure.http.HttpMessageConvertersAutoConfiguration, org.springframework.boot.autoconfigure.jackson.JacksonAutoConfiguration, org.springframework.boot.autoconfigure.jsonb.JsonbAutoConfiguration, org.springframework.boot.autoconfigure.mustache.MustacheAutoConfiguration, org.springframework.boot.autoconfigure.task.TaskExecutionAutoConfiguration, org.springframework.boot.autoconfigure.thymeleaf.ThymeleafAutoConfiguration, org.springframework.boot.autoconfigure.validation.ValidationAutoConfiguration, org.springframework.boot.autoconfigure.web.servlet.error.ErrorMvcAutoConfiguration, org.springframework.boot.autoconfigure.web.servlet.WebMvcAutoConfiguration, org.springframework.boot.test.autoconfigure.web.servlet.MockMvcAutoConfiguration, org.springframework.boot.test.autoconfigure.web.servlet.MockMvcSecurityAutoConfiguration, org.springframework.boot.test.autoconfigure.web.servlet.MockMvcWebClientAutoConfiguration, org.springframework.boot.test.autoconfigure.web.servlet.MockMvcWebDriverAutoConfiguration]], org.springframework.boot.test.context.filter.ExcludeFilterContextCustomizer@5840e16b, org.springframework.boot.test.json.DuplicateJsonObjectContextCustomizerFactory$DuplicateJsonObjectContextCustomizer@47db53e2, org.springframework.boot.test.mock.mockito.MockitoContextCustomizer@0], resourceBasePath = 'src/main/webapp', contextLoader = 'org.springframework.boot.test.context.SpringBootContextLoader', parent = [null]], attributes = map[[empty]]]].
09:01:37.580 [Test worker] DEBUG org.springframework.test.context.support.TestPropertySourceUtils - Adding inlined properties to environment: {spring.jmx.enabled=false, org.springframework.boot.test.autoconfigure.web.servlet.WebMvcTestContextBootstrapper=true, server.port=-1}

  .   ____          _            __ _ _
 /\\ / ___'_ __ _ _(_)_ __  __ _ \ \ \ \
( ( )\___ | '_ | '_| | '_ \/ _` | \ \ \ \
 \\/  ___)| |_)| | | | | || (_| |  ) ) ) )
  '  |____| .__|_| |_|_| |_\__, | / / / /
 =========|_|==============|___/=/_/_/_/
 :: Spring Boot ::        (v2.1.7.RELEASE)

2021-05-14 09:01:37.953  INFO 19732 --- [    Test worker] c.b.web.springboot.HomeControllerTest    : Starting HomeControllerTest on DESKTOP-2HPN4TT with PID 19732 (started by Christopher in C:\Users\Christopher\Desktop\boot)
2021-05-14 09:01:37.958  INFO 19732 --- [    Test worker] c.b.web.springboot.HomeControllerTest    : No active profile set, falling back to default profiles: default
2021-05-14 09:01:39.846  INFO 19732 --- [    Test worker] o.s.s.concurrent.ThreadPoolTaskExecutor  : Initializing ExecutorService 'applicationTaskExecutor'
2021-05-14 09:01:40.003  INFO 19732 --- [    Test worker] o.s.b.a.w.s.WelcomePageHandlerMapping    : Adding welcome page template: index
2021-05-14 09:01:40.486  INFO 19732 --- [    Test worker] .s.s.UserDetailsServiceAutoConfiguration : 

Using generated security password: 5a6b11ce-691e-43a0-a18c-e06e6950ff36

2021-05-14 09:01:40.812  INFO 19732 --- [    Test worker] o.s.s.web.DefaultSecurityFilterChain     : Creating filter chain: any request, [org.springframework.security.web.context.request.async.WebAsyncManagerIntegrationFilter@36d586de, org.springframework.security.web.context.SecurityContextPersistenceFilter@292f0001, org.springframework.security.web.header.HeaderWriterFilter@39ecad1e, org.springframework.security.web.csrf.CsrfFilter@35a48311, org.springframework.security.web.authentication.logout.LogoutFilter@4b447494, org.springframework.security.web.authentication.UsernamePasswordAuthenticationFilter@72174b46, org.springframework.security.web.authentication.ui.DefaultLoginPageGeneratingFilter@272add96, org.springframework.security.web.authentication.ui.DefaultLogoutPageGeneratingFilter@7b619e10, org.springframework.security.web.authentication.www.BasicAuthenticationFilter@53d6dd47, org.springframework.security.web.savedrequest.RequestCacheAwareFilter@4c9ad4b, org.springframework.security.web.servletapi.SecurityContextHolderAwareRequestFilter@3b0938d6, org.springframework.security.web.authentication.AnonymousAuthenticationFilter@3e365609, org.springframework.security.web.session.SessionManagementFilter@5483197a, org.springframework.security.web.access.ExceptionTranslationFilter@3afa3805, org.springframework.security.web.access.intercept.FilterSecurityInterceptor@39b22118]
2021-05-14 09:01:40.881  INFO 19732 --- [    Test worker] o.s.b.t.m.w.SpringBootMockServletContext : Initializing Spring TestDispatcherServlet ''
2021-05-14 09:01:40.881  INFO 19732 --- [    Test worker] o.s.t.web.servlet.TestDispatcherServlet  : Initializing Servlet ''
2021-05-14 09:01:40.901  INFO 19732 --- [    Test worker] o.s.t.web.servlet.TestDispatcherServlet  : Completed initialization in 20 ms
2021-05-14 09:01:40.976  INFO 19732 --- [    Test worker] c.b.web.springboot.HomeControllerTest    : Started HomeControllerTest in 3.386 seconds (JVM running for 5.385)
]]></system-out>
  <system-err><![CDATA[]]></system-err>
</testsuite>
