<?xml version="1.0" encoding="UTF-8"?>
<testsuite name="com.boot.web.springboot.domain.posts.PostsRepositoryTest" tests="2" skipped="0" failures="0" errors="0" timestamp="2021-05-14T00:01:51" hostname="DESKTOP-2HPN4TT" time="0.037">
  <properties/>
  <testcase name="게시글저장_불러오기" classname="com.boot.web.springboot.domain.posts.PostsRepositoryTest" time="0.024"/>
  <testcase name="BaseTimeEntity_등록" classname="com.boot.web.springboot.domain.posts.PostsRepositoryTest" time="0.012"/>
  <system-out><![CDATA[2021-05-14 09:01:49.436  INFO 19732 --- [    Test worker] .b.t.c.SpringBootTestContextBootstrapper : Neither @ContextConfiguration nor @ContextHierarchy found for test class [com.boot.web.springboot.domain.posts.PostsRepositoryTest], using SpringBootContextLoader
2021-05-14 09:01:49.437  INFO 19732 --- [    Test worker] o.s.t.c.support.AbstractContextLoader    : Could not detect default resource locations for test class [com.boot.web.springboot.domain.posts.PostsRepositoryTest]: no resource found for suffixes {-context.xml, Context.groovy}.
2021-05-14 09:01:49.437  INFO 19732 --- [    Test worker] t.c.s.AnnotationConfigContextLoaderUtils : Could not detect default configuration classes for test class [com.boot.web.springboot.domain.posts.PostsRepositoryTest]: PostsRepositoryTest does not declare any static, non-private, non-final, nested classes annotated with @Configuration.
2021-05-14 09:01:49.456  INFO 19732 --- [    Test worker] .b.t.c.SpringBootTestContextBootstrapper : Found @SpringBootConfiguration com.boot.web.springboot.Application for test class com.boot.web.springboot.domain.posts.PostsRepositoryTest
2021-05-14 09:01:49.458  INFO 19732 --- [    Test worker] .b.t.c.SpringBootTestContextBootstrapper : Loaded default TestExecutionListener class names from location [META-INF/spring.factories]: [org.springframework.security.test.context.support.WithSecurityContextTestExecutionListener, org.springframework.security.test.context.support.ReactorContextTestExecutionListener, org.springframework.boot.test.autoconfigure.restdocs.RestDocsTestExecutionListener, org.springframework.boot.test.autoconfigure.web.client.MockRestServiceServerResetTestExecutionListener, org.springframework.boot.test.autoconfigure.web.servlet.MockMvcPrintOnlyOnFailureTestExecutionListener, org.springframework.boot.test.autoconfigure.web.servlet.WebDriverTestExecutionListener, org.springframework.boot.test.mock.mockito.MockitoTestExecutionListener, org.springframework.boot.test.mock.mockito.ResetMocksTestExecutionListener, org.springframework.test.context.web.ServletTestExecutionListener, org.springframework.test.context.support.DirtiesContextBeforeModesTestExecutionListener, org.springframework.test.context.support.DependencyInjectionTestExecutionListener, org.springframework.test.context.support.DirtiesContextTestExecutionListener, org.springframework.test.context.transaction.TransactionalTestExecutionListener, org.springframework.test.context.jdbc.SqlScriptsTestExecutionListener]
2021-05-14 09:01:49.459  INFO 19732 --- [    Test worker] .b.t.c.SpringBootTestContextBootstrapper : Using TestExecutionListeners: [org.springframework.test.context.web.ServletTestExecutionListener@554c7e19, org.springframework.test.context.support.DirtiesContextBeforeModesTestExecutionListener@6f39593, org.springframework.boot.test.mock.mockito.MockitoTestExecutionListener@49dd632c, org.springframework.boot.test.autoconfigure.SpringBootDependencyInjectionTestExecutionListener@2ec6e3ca, org.springframework.test.context.support.DirtiesContextTestExecutionListener@184cecbd, org.springframework.test.context.transaction.TransactionalTestExecutionListener@289bd2a, org.springframework.test.context.jdbc.SqlScriptsTestExecutionListener@206f6a54, org.springframework.security.test.context.support.WithSecurityContextTestExecutionListener@39ae1520, org.springframework.security.test.context.support.ReactorContextTestExecutionListener@46f82fac, org.springframework.boot.test.autoconfigure.restdocs.RestDocsTestExecutionListener@957bab4, org.springframework.boot.test.autoconfigure.web.client.MockRestServiceServerResetTestExecutionListener@52b14c00, org.springframework.boot.test.autoconfigure.web.servlet.MockMvcPrintOnlyOnFailureTestExecutionListener@1b7f4463, org.springframework.boot.test.autoconfigure.web.servlet.WebDriverTestExecutionListener@1cfd8def, org.springframework.boot.test.mock.mockito.ResetMocksTestExecutionListener@28cb16de]

  .   ____          _            __ _ _
 /\\ / ___'_ __ _ _(_)_ __  __ _ \ \ \ \
( ( )\___ | '_ | '_| | '_ \/ _` | \ \ \ \
 \\/  ___)| |_)| | | | | || (_| |  ) ) ) )
  '  |____| .__|_| |_|_| |_\__, | / / / /
 =========|_|==============|___/=/_/_/_/
 :: Spring Boot ::        (v2.1.7.RELEASE)

2021-05-14 09:01:49.499  INFO 19732 --- [    Test worker] c.b.w.s.d.posts.PostsRepositoryTest      : Starting PostsRepositoryTest on DESKTOP-2HPN4TT with PID 19732 (started by Christopher in C:\Users\Christopher\Desktop\boot)
2021-05-14 09:01:49.499  INFO 19732 --- [    Test worker] c.b.w.s.d.posts.PostsRepositoryTest      : No active profile set, falling back to default profiles: default
2021-05-14 09:01:49.868  INFO 19732 --- [    Test worker] .s.d.r.c.RepositoryConfigurationDelegate : Bootstrapping Spring Data repositories in DEFAULT mode.
2021-05-14 09:01:49.906  INFO 19732 --- [    Test worker] .s.d.r.c.RepositoryConfigurationDelegate : Finished Spring Data repository scanning in 38ms. Found 2 repository interfaces.
2021-05-14 09:01:50.067  INFO 19732 --- [    Test worker] trationDelegate$BeanPostProcessorChecker : Bean 'org.springframework.transaction.annotation.ProxyTransactionManagementConfiguration' of type [org.springframework.transaction.annotation.ProxyTransactionManagementConfiguration$$EnhancerBySpringCGLIB$$ce6490fa] is not eligible for getting processed by all BeanPostProcessors (for example: not eligible for auto-proxying)
2021-05-14 09:01:50.193  INFO 19732 --- [    Test worker] com.zaxxer.hikari.HikariDataSource       : HikariPool-2 - Starting...
2021-05-14 09:01:50.195  INFO 19732 --- [    Test worker] com.zaxxer.hikari.HikariDataSource       : HikariPool-2 - Start completed.
2021-05-14 09:01:50.239  INFO 19732 --- [    Test worker] o.hibernate.jpa.internal.util.LogHelper  : HHH000204: Processing PersistenceUnitInfo [
	name: default
	...]
2021-05-14 09:01:50.259  INFO 19732 --- [    Test worker] org.hibernate.dialect.Dialect            : HHH000400: Using dialect: org.hibernate.dialect.H2Dialect
Hibernate: drop table posts if exists
Hibernate: drop table user if exists
Hibernate: create table posts (id bigint generated by default as identity, createddate timestamp, modified_date timestamp, author varchar(255), content TEXT not null, title varchar(500) not null, primary key (id))
Hibernate: create table user (id bigint generated by default as identity, createddate timestamp, modified_date timestamp, email varchar(255) not null, name varchar(255) not null, picture varchar(255), role varchar(255) not null, primary key (id))
2021-05-14 09:01:50.334  INFO 19732 --- [    Test worker] o.h.t.schema.internal.SchemaCreatorImpl  : HHH000476: Executing import script 'org.hibernate.tool.schema.internal.exec.ScriptSourceInputNonExistentImpl@5f338cb3'
2021-05-14 09:01:50.335  INFO 19732 --- [    Test worker] j.LocalContainerEntityManagerFactoryBean : Initialized JPA EntityManagerFactory for persistence unit 'default'
2021-05-14 09:01:50.635  INFO 19732 --- [    Test worker] o.h.h.i.QueryTranslatorFactoryInitiator  : HHH000397: Using ASTQueryTranslatorFactory
2021-05-14 09:01:50.852  INFO 19732 --- [    Test worker] o.s.s.web.DefaultSecurityFilterChain     : Creating filter chain: any request, [org.springframework.security.web.context.request.async.WebAsyncManagerIntegrationFilter@55d7be5, org.springframework.security.web.context.SecurityContextPersistenceFilter@437a47e5, org.springframework.security.web.header.HeaderWriterFilter@6e787667, org.springframework.security.web.authentication.logout.LogoutFilter@1954df8b, org.springframework.security.oauth2.client.web.OAuth2AuthorizationRequestRedirectFilter@28765f0, org.springframework.security.oauth2.client.web.OAuth2LoginAuthenticationFilter@4621f1b2, org.springframework.security.web.authentication.ui.DefaultLoginPageGeneratingFilter@880e411, org.springframework.security.web.authentication.ui.DefaultLogoutPageGeneratingFilter@64b1b8a0, org.springframework.security.web.savedrequest.RequestCacheAwareFilter@11621584, org.springframework.security.web.servletapi.SecurityContextHolderAwareRequestFilter@3c049281, org.springframework.security.web.authentication.AnonymousAuthenticationFilter@5da0e923, org.springframework.security.web.session.SessionManagementFilter@427ed9c1, org.springframework.security.web.access.ExceptionTranslationFilter@54ae01e, org.springframework.security.web.access.intercept.FilterSecurityInterceptor@2778deb0]
2021-05-14 09:01:51.230  INFO 19732 --- [    Test worker] o.s.s.concurrent.ThreadPoolTaskExecutor  : Initializing ExecutorService 'applicationTaskExecutor'
2021-05-14 09:01:51.246  WARN 19732 --- [    Test worker] aWebConfiguration$JpaWebMvcConfiguration : spring.jpa.open-in-view is enabled by default. Therefore, database queries may be performed during view rendering. Explicitly configure spring.jpa.open-in-view to disable this warning
2021-05-14 09:01:51.282  INFO 19732 --- [    Test worker] o.s.b.a.w.s.WelcomePageHandlerMapping    : Adding welcome page template: index
2021-05-14 09:01:51.728  INFO 19732 --- [    Test worker] s.a.ScheduledAnnotationBeanPostProcessor : No TaskScheduler/ScheduledExecutorService bean found for scheduled processing
2021-05-14 09:01:51.729  INFO 19732 --- [    Test worker] c.b.w.s.d.posts.PostsRepositoryTest      : Started PostsRepositoryTest in 2.267 seconds (JVM running for 16.138)
Hibernate: insert into posts (id, createddate, modified_date, author, content, title) values (null, ?, ?, ?, ?, ?)
Hibernate: select posts0_.id as id1_0_, posts0_.createddate as createdd2_0_, posts0_.modified_date as modified3_0_, posts0_.author as author4_0_, posts0_.content as content5_0_, posts0_.title as title6_0_ from posts posts0_
Hibernate: select posts0_.id as id1_0_, posts0_.createddate as createdd2_0_, posts0_.modified_date as modified3_0_, posts0_.author as author4_0_, posts0_.content as content5_0_, posts0_.title as title6_0_ from posts posts0_
Hibernate: delete from posts where id=?
Hibernate: insert into posts (id, createddate, modified_date, author, content, title) values (null, ?, ?, ?, ?, ?)
Hibernate: select posts0_.id as id1_0_, posts0_.createddate as createdd2_0_, posts0_.modified_date as modified3_0_, posts0_.author as author4_0_, posts0_.content as content5_0_, posts0_.title as title6_0_ from posts posts0_
>>>>>>>> createdDate = 2021-05-14T09:01:51.760, modifiedDate=2021-05-14T09:01:51.760
Hibernate: select posts0_.id as id1_0_, posts0_.createddate as createdd2_0_, posts0_.modified_date as modified3_0_, posts0_.author as author4_0_, posts0_.content as content5_0_, posts0_.title as title6_0_ from posts posts0_
Hibernate: delete from posts where id=?
]]></system-out>
  <system-err><![CDATA[]]></system-err>
</testsuite>
