<?xml version="1.0" encoding="UTF-8"?>
<testsuite name="com.boot.web.springboot.IndexControllerTest" tests="1" skipped="0" failures="0" errors="0" timestamp="2021-05-10T23:39:40" hostname="DESKTOP-2HPN4TT" time="0.413">
  <properties/>
  <testcase name="메인페이지_로딩" classname="com.boot.web.springboot.IndexControllerTest" time="0.413"/>
  <system-out><![CDATA[08:39:31.844 [Test worker] DEBUG org.springframework.test.context.junit4.SpringJUnit4ClassRunner - SpringJUnit4ClassRunner constructor called with [class com.boot.web.springboot.IndexControllerTest]
08:39:31.857 [Test worker] DEBUG org.springframework.test.context.BootstrapUtils - Instantiating CacheAwareContextLoaderDelegate from class [org.springframework.test.context.cache.DefaultCacheAwareContextLoaderDelegate]
08:39:31.890 [Test worker] DEBUG org.springframework.test.context.BootstrapUtils - Instantiating BootstrapContext using constructor [public org.springframework.test.context.support.DefaultBootstrapContext(java.lang.Class,org.springframework.test.context.CacheAwareContextLoaderDelegate)]
08:39:31.918 [Test worker] DEBUG org.springframework.test.context.BootstrapUtils - Instantiating TestContextBootstrapper for test class [com.boot.web.springboot.IndexControllerTest] from class [org.springframework.boot.test.context.SpringBootTestContextBootstrapper]
08:39:31.943 [Test worker] INFO org.springframework.boot.test.context.SpringBootTestContextBootstrapper - Neither @ContextConfiguration nor @ContextHierarchy found for test class [com.boot.web.springboot.IndexControllerTest], using SpringBootContextLoader
08:39:31.950 [Test worker] DEBUG org.springframework.test.context.support.AbstractContextLoader - Did not detect default resource location for test class [com.boot.web.springboot.IndexControllerTest]: class path resource [com/boot/web/springboot/IndexControllerTest-context.xml] does not exist
08:39:31.950 [Test worker] DEBUG org.springframework.test.context.support.AbstractContextLoader - Did not detect default resource location for test class [com.boot.web.springboot.IndexControllerTest]: class path resource [com/boot/web/springboot/IndexControllerTestContext.groovy] does not exist
08:39:31.951 [Test worker] INFO org.springframework.test.context.support.AbstractContextLoader - Could not detect default resource locations for test class [com.boot.web.springboot.IndexControllerTest]: no resource found for suffixes {-context.xml, Context.groovy}.
08:39:31.952 [Test worker] INFO org.springframework.test.context.support.AnnotationConfigContextLoaderUtils - Could not detect default configuration classes for test class [com.boot.web.springboot.IndexControllerTest]: IndexControllerTest does not declare any static, non-private, non-final, nested classes annotated with @Configuration.
08:39:32.043 [Test worker] DEBUG org.springframework.test.context.support.ActiveProfilesUtils - Could not find an 'annotation declaring class' for annotation type [org.springframework.test.context.ActiveProfiles] and class [com.boot.web.springboot.IndexControllerTest]
08:39:32.236 [Test worker] DEBUG org.springframework.context.annotation.ClassPathScanningCandidateComponentProvider - Identified candidate component class: file [C:\Users\Christopher\Desktop\boot\build\classes\java\main\com\boot\web\springboot\Application.class]
08:39:32.240 [Test worker] INFO org.springframework.boot.test.context.SpringBootTestContextBootstrapper - Found @SpringBootConfiguration com.boot.web.springboot.Application for test class com.boot.web.springboot.IndexControllerTest
08:39:32.412 [Test worker] DEBUG org.springframework.boot.test.context.SpringBootTestContextBootstrapper - @TestExecutionListeners is not present for class [com.boot.web.springboot.IndexControllerTest]: using defaults.
08:39:32.414 [Test worker] INFO org.springframework.boot.test.context.SpringBootTestContextBootstrapper - Loaded default TestExecutionListener class names from location [META-INF/spring.factories]: [org.springframework.boot.test.autoconfigure.restdocs.RestDocsTestExecutionListener, org.springframework.boot.test.autoconfigure.web.client.MockRestServiceServerResetTestExecutionListener, org.springframework.boot.test.autoconfigure.web.servlet.MockMvcPrintOnlyOnFailureTestExecutionListener, org.springframework.boot.test.autoconfigure.web.servlet.WebDriverTestExecutionListener, org.springframework.boot.test.mock.mockito.MockitoTestExecutionListener, org.springframework.boot.test.mock.mockito.ResetMocksTestExecutionListener, org.springframework.test.context.web.ServletTestExecutionListener, org.springframework.test.context.support.DirtiesContextBeforeModesTestExecutionListener, org.springframework.test.context.support.DependencyInjectionTestExecutionListener, org.springframework.test.context.support.DirtiesContextTestExecutionListener, org.springframework.test.context.transaction.TransactionalTestExecutionListener, org.springframework.test.context.jdbc.SqlScriptsTestExecutionListener]
08:39:32.454 [Test worker] INFO org.springframework.boot.test.context.SpringBootTestContextBootstrapper - Using TestExecutionListeners: [org.springframework.test.context.web.ServletTestExecutionListener@2a13261f, org.springframework.test.context.support.DirtiesContextBeforeModesTestExecutionListener@6d5b0958, org.springframework.boot.test.mock.mockito.MockitoTestExecutionListener@742728b3, org.springframework.boot.test.autoconfigure.SpringBootDependencyInjectionTestExecutionListener@2129d3c2, org.springframework.test.context.support.DirtiesContextTestExecutionListener@12393a26, org.springframework.test.context.transaction.TransactionalTestExecutionListener@271df0f0, org.springframework.test.context.jdbc.SqlScriptsTestExecutionListener@6a323610, org.springframework.boot.test.autoconfigure.restdocs.RestDocsTestExecutionListener@56a5f57, org.springframework.boot.test.autoconfigure.web.client.MockRestServiceServerResetTestExecutionListener@5ed9bdd6, org.springframework.boot.test.autoconfigure.web.servlet.MockMvcPrintOnlyOnFailureTestExecutionListener@160b5c8d, org.springframework.boot.test.autoconfigure.web.servlet.WebDriverTestExecutionListener@6df26aea, org.springframework.boot.test.mock.mockito.ResetMocksTestExecutionListener@3a3510e4]
08:39:32.459 [Test worker] DEBUG org.springframework.test.annotation.ProfileValueUtils - Retrieved @ProfileValueSourceConfiguration [null] for test class [com.boot.web.springboot.IndexControllerTest]
08:39:32.460 [Test worker] DEBUG org.springframework.test.annotation.ProfileValueUtils - Retrieved ProfileValueSource type [class org.springframework.test.annotation.SystemProfileValueSource] for class [com.boot.web.springboot.IndexControllerTest]
08:39:32.466 [Test worker] DEBUG org.springframework.test.annotation.ProfileValueUtils - Retrieved @ProfileValueSourceConfiguration [null] for test class [com.boot.web.springboot.IndexControllerTest]
08:39:32.467 [Test worker] DEBUG org.springframework.test.annotation.ProfileValueUtils - Retrieved ProfileValueSource type [class org.springframework.test.annotation.SystemProfileValueSource] for class [com.boot.web.springboot.IndexControllerTest]
08:39:32.468 [Test worker] DEBUG org.springframework.test.annotation.ProfileValueUtils - Retrieved @ProfileValueSourceConfiguration [null] for test class [com.boot.web.springboot.IndexControllerTest]
08:39:32.469 [Test worker] DEBUG org.springframework.test.annotation.ProfileValueUtils - Retrieved ProfileValueSource type [class org.springframework.test.annotation.SystemProfileValueSource] for class [com.boot.web.springboot.IndexControllerTest]
08:39:32.475 [Test worker] DEBUG org.springframework.test.context.support.AbstractDirtiesContextTestExecutionListener - Before test class: context [DefaultTestContext@430723be testClass = IndexControllerTest, testInstance = [null], testMethod = [null], testException = [null], mergedContextConfiguration = [WebMergedContextConfiguration@60695dd8 testClass = IndexControllerTest, locations = '{}', classes = '{class com.boot.web.springboot.Application}', contextInitializerClasses = '[]', activeProfiles = '{}', propertySourceLocations = '{}', propertySourceProperties = '{org.springframework.boot.test.context.SpringBootTestContextBootstrapper=true, server.port=0}', contextCustomizers = set[org.springframework.boot.test.autoconfigure.properties.PropertyMappingContextCustomizer@0, org.springframework.boot.test.autoconfigure.web.servlet.WebDriverContextCustomizerFactory$Customizer@6ec1de02, org.springframework.boot.test.context.filter.ExcludeFilterContextCustomizer@6b8c9449, org.springframework.boot.test.json.DuplicateJsonObjectContextCustomizerFactory$DuplicateJsonObjectContextCustomizer@7d89b3c9, org.springframework.boot.test.mock.mockito.MockitoContextCustomizer@0, org.springframework.boot.test.web.client.TestRestTemplateContextCustomizer@1802d2bd], resourceBasePath = 'src/main/webapp', contextLoader = 'org.springframework.boot.test.context.SpringBootContextLoader', parent = [null]], attributes = map['org.springframework.test.context.web.ServletTestExecutionListener.activateListener' -> false]], class annotated with @DirtiesContext [false] with mode [null].
08:39:32.476 [Test worker] DEBUG org.springframework.test.annotation.ProfileValueUtils - Retrieved @ProfileValueSourceConfiguration [null] for test class [com.boot.web.springboot.IndexControllerTest]
08:39:32.477 [Test worker] DEBUG org.springframework.test.annotation.ProfileValueUtils - Retrieved ProfileValueSource type [class org.springframework.test.annotation.SystemProfileValueSource] for class [com.boot.web.springboot.IndexControllerTest]
08:39:32.486 [Test worker] DEBUG org.springframework.test.context.support.DependencyInjectionTestExecutionListener - Performing dependency injection for test context [[DefaultTestContext@430723be testClass = IndexControllerTest, testInstance = com.boot.web.springboot.IndexControllerTest@6af80df6, testMethod = [null], testException = [null], mergedContextConfiguration = [WebMergedContextConfiguration@60695dd8 testClass = IndexControllerTest, locations = '{}', classes = '{class com.boot.web.springboot.Application}', contextInitializerClasses = '[]', activeProfiles = '{}', propertySourceLocations = '{}', propertySourceProperties = '{org.springframework.boot.test.context.SpringBootTestContextBootstrapper=true, server.port=0}', contextCustomizers = set[org.springframework.boot.test.autoconfigure.properties.PropertyMappingContextCustomizer@0, org.springframework.boot.test.autoconfigure.web.servlet.WebDriverContextCustomizerFactory$Customizer@6ec1de02, org.springframework.boot.test.context.filter.ExcludeFilterContextCustomizer@6b8c9449, org.springframework.boot.test.json.DuplicateJsonObjectContextCustomizerFactory$DuplicateJsonObjectContextCustomizer@7d89b3c9, org.springframework.boot.test.mock.mockito.MockitoContextCustomizer@0, org.springframework.boot.test.web.client.TestRestTemplateContextCustomizer@1802d2bd], resourceBasePath = 'src/main/webapp', contextLoader = 'org.springframework.boot.test.context.SpringBootContextLoader', parent = [null]], attributes = map['org.springframework.test.context.web.ServletTestExecutionListener.activateListener' -> false]]].
08:39:32.536 [Test worker] DEBUG org.springframework.test.context.support.TestPropertySourceUtils - Adding inlined properties to environment: {spring.jmx.enabled=false, org.springframework.boot.test.context.SpringBootTestContextBootstrapper=true, server.port=0}

  .   ____          _            __ _ _
 /\\ / ___'_ __ _ _(_)_ __  __ _ \ \ \ \
( ( )\___ | '_ | '_| | '_ \/ _` | \ \ \ \
 \\/  ___)| |_)| | | | | || (_| |  ) ) ) )
  '  |____| .__|_| |_|_| |_\__, | / / / /
 =========|_|==============|___/=/_/_/_/
 :: Spring Boot ::        (v2.1.7.RELEASE)

2021-05-11 08:39:32.974  INFO 16132 --- [    Test worker] c.b.web.springboot.IndexControllerTest   : Starting IndexControllerTest on DESKTOP-2HPN4TT with PID 16132 (started by Christopher in C:\Users\Christopher\Desktop\boot)
2021-05-11 08:39:32.976  INFO 16132 --- [    Test worker] c.b.web.springboot.IndexControllerTest   : No active profile set, falling back to default profiles: default
2021-05-11 08:39:34.210  INFO 16132 --- [    Test worker] .s.d.r.c.RepositoryConfigurationDelegate : Bootstrapping Spring Data repositories in DEFAULT mode.
2021-05-11 08:39:34.452  INFO 16132 --- [    Test worker] .s.d.r.c.RepositoryConfigurationDelegate : Finished Spring Data repository scanning in 228ms. Found 1 repository interfaces.
2021-05-11 08:39:35.107  INFO 16132 --- [    Test worker] trationDelegate$BeanPostProcessorChecker : Bean 'org.springframework.transaction.annotation.ProxyTransactionManagementConfiguration' of type [org.springframework.transaction.annotation.ProxyTransactionManagementConfiguration$$EnhancerBySpringCGLIB$$a5a2eead] is not eligible for getting processed by all BeanPostProcessors (for example: not eligible for auto-proxying)
2021-05-11 08:39:35.731  INFO 16132 --- [    Test worker] o.s.b.w.embedded.tomcat.TomcatWebServer  : Tomcat initialized with port(s): 0 (http)
2021-05-11 08:39:35.771  INFO 16132 --- [    Test worker] o.apache.catalina.core.StandardService   : Starting service [Tomcat]
2021-05-11 08:39:35.771  INFO 16132 --- [    Test worker] org.apache.catalina.core.StandardEngine  : Starting Servlet engine: [Apache Tomcat/9.0.22]
2021-05-11 08:39:35.968  INFO 16132 --- [    Test worker] o.a.c.c.C.[Tomcat].[localhost].[/]       : Initializing Spring embedded WebApplicationContext
2021-05-11 08:39:35.968  INFO 16132 --- [    Test worker] o.s.web.context.ContextLoader            : Root WebApplicationContext: initialization completed in 2949 ms
2021-05-11 08:39:36.373  INFO 16132 --- [    Test worker] com.zaxxer.hikari.HikariDataSource       : HikariPool-1 - Starting...
2021-05-11 08:39:36.599  INFO 16132 --- [    Test worker] com.zaxxer.hikari.HikariDataSource       : HikariPool-1 - Start completed.
2021-05-11 08:39:36.740  INFO 16132 --- [    Test worker] o.hibernate.jpa.internal.util.LogHelper  : HHH000204: Processing PersistenceUnitInfo [
	name: default
	...]
2021-05-11 08:39:36.893  INFO 16132 --- [    Test worker] org.hibernate.Version                    : HHH000412: Hibernate Core {5.3.10.Final}
2021-05-11 08:39:36.896  INFO 16132 --- [    Test worker] org.hibernate.cfg.Environment            : HHH000206: hibernate.properties not found
2021-05-11 08:39:37.164  INFO 16132 --- [    Test worker] o.hibernate.annotations.common.Version   : HCANN000001: Hibernate Commons Annotations {5.0.4.Final}
2021-05-11 08:39:37.422  INFO 16132 --- [    Test worker] org.hibernate.dialect.Dialect            : HHH000400: Using dialect: org.hibernate.dialect.H2Dialect
Hibernate: drop table posts if exists
Hibernate: create table posts (id bigint generated by default as identity, createddate timestamp, modified_date timestamp, author varchar(255), content TEXT not null, title varchar(500) not null, primary key (id))
2021-05-11 08:39:38.500  INFO 16132 --- [    Test worker] o.h.t.schema.internal.SchemaCreatorImpl  : HHH000476: Executing import script 'org.hibernate.tool.schema.internal.exec.ScriptSourceInputNonExistentImpl@6c23ca26'
2021-05-11 08:39:38.506  INFO 16132 --- [    Test worker] j.LocalContainerEntityManagerFactoryBean : Initialized JPA EntityManagerFactory for persistence unit 'default'
2021-05-11 08:39:39.776  INFO 16132 --- [    Test worker] o.s.s.concurrent.ThreadPoolTaskExecutor  : Initializing ExecutorService 'applicationTaskExecutor'
2021-05-11 08:39:39.870  WARN 16132 --- [    Test worker] aWebConfiguration$JpaWebMvcConfiguration : spring.jpa.open-in-view is enabled by default. Therefore, database queries may be performed during view rendering. Explicitly configure spring.jpa.open-in-view to disable this warning
2021-05-11 08:39:39.946  INFO 16132 --- [    Test worker] o.s.b.a.w.s.WelcomePageHandlerMapping    : Adding welcome page template: index
2021-05-11 08:39:40.435  INFO 16132 --- [    Test worker] o.s.b.w.embedded.tomcat.TomcatWebServer  : Tomcat started on port(s): 4151 (http) with context path ''
2021-05-11 08:39:40.439  INFO 16132 --- [    Test worker] c.b.web.springboot.IndexControllerTest   : Started IndexControllerTest in 7.9 seconds (JVM running for 10.469)
2021-05-11 08:39:40.673  INFO 16132 --- [o-auto-1-exec-1] o.a.c.c.C.[Tomcat].[localhost].[/]       : Initializing Spring DispatcherServlet 'dispatcherServlet'
2021-05-11 08:39:40.673  INFO 16132 --- [o-auto-1-exec-1] o.s.web.servlet.DispatcherServlet        : Initializing Servlet 'dispatcherServlet'
2021-05-11 08:39:40.711  INFO 16132 --- [o-auto-1-exec-1] o.s.web.servlet.DispatcherServlet        : Completed initialization in 38 ms
]]></system-out>
  <system-err><![CDATA[]]></system-err>
</testsuite>
